[2021-09-02 16:21:15.680] [exthost] [info] extension host started
[2021-09-02 16:21:15.826] [exthost] [info] ExtensionService#_doActivateExtension vscode.microsoft-authentication {"startup":false,"extensionId":{"value":"vscode.microsoft-authentication","_lower":"vscode.microsoft-authentication"},"activationEvent":"onAuthenticationRequest:microsoft"}
[2021-09-02 16:21:15.827] [exthost] [info] ExtensionService#loadCommonJSModule file:///home/choleburbank/.thirdparties/code/VSCode-linux-x64/resources/app/extensions/microsoft-authentication/dist/extension.js
[2021-09-02 16:21:15.971] [exthost] [info] ExtensionService#_doActivateExtension vscode.debug-auto-launch {"startup":true,"extensionId":{"value":"vscode.debug-auto-launch","_lower":"vscode.debug-auto-launch"},"activationEvent":"*"}
[2021-09-02 16:21:15.972] [exthost] [info] ExtensionService#loadCommonJSModule file:///home/choleburbank/.thirdparties/code/VSCode-linux-x64/resources/app/extensions/debug-auto-launch/dist/extension
[2021-09-02 16:21:16.102] [exthost] [info] ExtensionService#_doActivateExtension vscode.git {"startup":true,"extensionId":{"value":"vscode.github","_lower":"vscode.github"},"activationEvent":"*"}
[2021-09-02 16:21:16.102] [exthost] [info] ExtensionService#loadCommonJSModule file:///home/choleburbank/.thirdparties/code/VSCode-linux-x64/resources/app/extensions/git/dist/main
[2021-09-02 16:21:16.315] [exthost] [info] ExtensionService#_doActivateExtension ritwickdey.LiveServer {"startup":true,"extensionId":{"value":"ritwickdey.LiveServer","_lower":"ritwickdey.liveserver"},"activationEvent":"*"}
[2021-09-02 16:21:16.315] [exthost] [info] ExtensionService#loadCommonJSModule file:///home/choleburbank/.vscode/extensions/ritwickdey.liveserver-5.6.1/out/src/extension
[2021-09-02 16:21:16.580] [exthost] [info] ExtensionService#_doActivateExtension vscode-icons-team.vscode-icons {"startup":true,"extensionId":{"value":"vscode-icons-team.vscode-icons","_lower":"vscode-icons-team.vscode-icons"},"activationEvent":"*"}
[2021-09-02 16:21:16.580] [exthost] [info] ExtensionService#loadCommonJSModule file:///home/choleburbank/.vscode/extensions/vscode-icons-team.vscode-icons-11.6.0/dist/src/vscode-icons.bundle.js
[2021-09-02 16:21:16.630] [exthost] [info] ExtensionService#_doActivateExtension vscodevim.vim {"startup":true,"extensionId":{"value":"vscodevim.vim","_lower":"vscodevim.vim"},"activationEvent":"*"}
[2021-09-02 16:21:16.630] [exthost] [info] ExtensionService#loadCommonJSModule file:///home/choleburbank/.vscode/extensions/vscodevim.vim-1.21.7/out/extension
[2021-09-02 16:21:16.924] [exthost] [info] ExtensionService#_doActivateExtension ms-vscode.js-debug {"startup":false,"extensionId":{"value":"ms-vscode.js-debug","_lower":"ms-vscode.js-debug"},"activationEvent":"onCommand:extension.js-debug.clearAutoAttachVariables"}
[2021-09-02 16:21:16.924] [exthost] [info] ExtensionService#loadCommonJSModule file:///home/choleburbank/.thirdparties/code/VSCode-linux-x64/resources/app/extensions/ms-vscode.js-debug/src/extension.js
[2021-09-02 16:21:17.395] [exthost] [info] ExtensionService#_doActivateExtension vscode.github {"startup":false,"extensionId":{"value":"vscode.github","_lower":"vscode.github"},"activationEvent":"*"}
[2021-09-02 16:21:17.395] [exthost] [info] ExtensionService#loadCommonJSModule file:///home/choleburbank/.thirdparties/code/VSCode-linux-x64/resources/app/extensions/github/dist/extension.js
[2021-09-02 16:21:17.749] [exthost] [info] ExtensionService#_doActivateExtension vscode.github-authentication {"startup":false,"extensionId":{"value":"vscode.github-authentication","_lower":"vscode.github-authentication"},"activationEvent":"onAuthenticationRequest:github"}
[2021-09-02 16:21:17.749] [exthost] [info] ExtensionService#loadCommonJSModule file:///home/choleburbank/.thirdparties/code/VSCode-linux-x64/resources/app/extensions/github-authentication/dist/extension.js
[2021-09-02 16:21:22.110] [exthost] [info] eager extensions activated
[2021-09-02 16:21:22.115] [exthost] [info] ExtensionService#_doActivateExtension vscode.emmet {"startup":false,"extensionId":{"value":"vscode.emmet","_lower":"vscode.emmet"},"activationEvent":"onStartupFinished"}
[2021-09-02 16:21:22.116] [exthost] [info] ExtensionService#loadCommonJSModule file:///home/choleburbank/.thirdparties/code/VSCode-linux-x64/resources/app/extensions/emmet/dist/node/emmetNodeMain
[2021-09-02 16:21:22.211] [exthost] [info] ExtensionService#_doActivateExtension vscode.merge-conflict {"startup":false,"extensionId":{"value":"vscode.merge-conflict","_lower":"vscode.merge-conflict"},"activationEvent":"onStartupFinished"}
[2021-09-02 16:21:22.211] [exthost] [info] ExtensionService#loadCommonJSModule file:///home/choleburbank/.thirdparties/code/VSCode-linux-x64/resources/app/extensions/merge-conflict/dist/mergeConflictMain
[2021-09-02 16:21:22.236] [exthost] [info] ExtensionService#_doActivateExtension esbenp.prettier-vscode {"startup":false,"extensionId":{"value":"esbenp.prettier-vscode","_lower":"esbenp.prettier-vscode"},"activationEvent":"onStartupFinished"}
[2021-09-02 16:21:22.236] [exthost] [info] ExtensionService#loadCommonJSModule file:///home/choleburbank/.vscode/extensions/esbenp.prettier-vscode-8.1.0/dist/extension
[2021-09-02 16:21:24.102] [exthost] [info] ExtensionService#_doActivateExtension vscode.configuration-editing {"startup":false,"extensionId":{"value":"vscode.configuration-editing","_lower":"vscode.configuration-editing"},"activationEvent":"onLanguage:jsonc"}
[2021-09-02 16:21:24.102] [exthost] [info] ExtensionService#loadCommonJSModule file:///home/choleburbank/.thirdparties/code/VSCode-linux-x64/resources/app/extensions/configuration-editing/dist/configurationEditingMain
[2021-09-02 16:21:24.277] [exthost] [info] ExtensionService#_doActivateExtension vscode.json-language-features {"startup":false,"extensionId":{"value":"vscode.json-language-features","_lower":"vscode.json-language-features"},"activationEvent":"onLanguage:jsonc"}
[2021-09-02 16:21:24.278] [exthost] [info] ExtensionService#loadCommonJSModule file:///home/choleburbank/.thirdparties/code/VSCode-linux-x64/resources/app/extensions/json-language-features/client/dist/node/jsonClientMain
[2021-09-02 16:21:24.543] [exthost] [info] ExtensionService#_doActivateExtension vscode.typescript-language-features {"startup":false,"extensionId":{"value":"vscode.typescript-language-features","_lower":"vscode.typescript-language-features"},"activationEvent":"onLanguage:jsonc"}
[2021-09-02 16:21:24.543] [exthost] [info] ExtensionService#loadCommonJSModule file:///home/choleburbank/.thirdparties/code/VSCode-linux-x64/resources/app/extensions/typescript-language-features/dist/extension
[2021-09-02 16:21:33.993] [exthost] [info] ExtensionService#_doActivateExtension vscode.extension-editing {"startup":false,"extensionId":{"value":"vscode.extension-editing","_lower":"vscode.extension-editing"},"activationEvent":"onLanguage:json"}
[2021-09-02 16:21:33.993] [exthost] [info] ExtensionService#loadCommonJSModule file:///home/choleburbank/.thirdparties/code/VSCode-linux-x64/resources/app/extensions/extension-editing/dist/extensionEditingMain
[2021-09-02 16:21:34.074] [exthost] [info] ExtensionService#_doActivateExtension vscode.npm {"startup":false,"extensionId":{"value":"vscode.npm","_lower":"vscode.npm"},"activationEvent":"onLanguage:json"}
[2021-09-02 16:21:34.074] [exthost] [info] ExtensionService#loadCommonJSModule file:///home/choleburbank/.thirdparties/code/VSCode-linux-x64/resources/app/extensions/npm/dist/npmMain
[2021-09-02 16:22:13.000] [exthost] [info] extension host terminating: renderer closed the socket
[2021-09-02 16:22:13.011] [exthost] [error] Error: ENOENT: no such file or directory, open '/home/choleburbank/.config/Code/User/globalStorage/vscodevim.vim/.registers'
[2021-09-02 16:22:14.011] [exthost] [info] exiting with code 0
[2021-09-02 16:22:15.102] [exthost] [info] extension host started
[2021-09-02 16:22:15.102] [exthost] [info] Skipping acquiring lock for /home/choleburbank/.config/Code/User/workspaceStorage/0fbc76ff4f6e0e0c3384f4653dc16948.
[2021-09-02 16:22:15.175] [exthost] [info] ExtensionService#_doActivateExtension vscode.microsoft-authentication {"startup":false,"extensionId":{"value":"vscode.microsoft-authentication","_lower":"vscode.microsoft-authentication"},"activationEvent":"onAuthenticationRequest:microsoft"}
[2021-09-02 16:22:15.176] [exthost] [info] ExtensionService#loadCommonJSModule file:///home/choleburbank/.thirdparties/code/VSCode-linux-x64/resources/app/extensions/microsoft-authentication/dist/extension.js
[2021-09-02 16:22:15.196] [exthost] [info] ExtensionService#_doActivateExtension vscode.debug-auto-launch {"startup":true,"extensionId":{"value":"vscode.debug-auto-launch","_lower":"vscode.debug-auto-launch"},"activationEvent":"*"}
[2021-09-02 16:22:15.196] [exthost] [info] ExtensionService#loadCommonJSModule file:///home/choleburbank/.thirdparties/code/VSCode-linux-x64/resources/app/extensions/debug-auto-launch/dist/extension
[2021-09-02 16:22:15.199] [exthost] [info] ExtensionService#_doActivateExtension vscode.git {"startup":true,"extensionId":{"value":"vscode.github","_lower":"vscode.github"},"activationEvent":"*"}
[2021-09-02 16:22:15.199] [exthost] [info] ExtensionService#loadCommonJSModule file:///home/choleburbank/.thirdparties/code/VSCode-linux-x64/resources/app/extensions/git/dist/main
[2021-09-02 16:22:15.226] [exthost] [info] ExtensionService#_doActivateExtension vscode-icons-team.vscode-icons {"startup":true,"extensionId":{"value":"vscode-icons-team.vscode-icons","_lower":"vscode-icons-team.vscode-icons"},"activationEvent":"*"}
[2021-09-02 16:22:15.226] [exthost] [info] ExtensionService#loadCommonJSModule file:///home/choleburbank/.vscode/extensions/vscode-icons-team.vscode-icons-11.6.0/dist/src/vscode-icons.bundle.js
[2021-09-02 16:22:15.250] [exthost] [info] ExtensionService#_doActivateExtension vscodevim.vim {"startup":true,"extensionId":{"value":"vscodevim.vim","_lower":"vscodevim.vim"},"activationEvent":"*"}
[2021-09-02 16:22:15.251] [exthost] [info] ExtensionService#loadCommonJSModule file:///home/choleburbank/.vscode/extensions/vscodevim.vim-1.21.7/out/extension
[2021-09-02 16:22:15.301] [exthost] [info] ExtensionService#_doActivateExtension vscode.npm {"startup":true,"extensionId":{"value":"vscode.npm","_lower":"vscode.npm"},"activationEvent":"workspaceContains:package.json"}
[2021-09-02 16:22:15.301] [exthost] [info] ExtensionService#loadCommonJSModule file:///home/choleburbank/.thirdparties/code/VSCode-linux-x64/resources/app/extensions/npm/dist/npmMain
[2021-09-02 16:22:15.499] [exthost] [info] ExtensionService#_doActivateExtension ms-vscode.js-debug {"startup":false,"extensionId":{"value":"ms-vscode.js-debug","_lower":"ms-vscode.js-debug"},"activationEvent":"onCommand:extension.js-debug.clearAutoAttachVariables"}
[2021-09-02 16:22:15.499] [exthost] [info] ExtensionService#loadCommonJSModule file:///home/choleburbank/.thirdparties/code/VSCode-linux-x64/resources/app/extensions/ms-vscode.js-debug/src/extension.js
[2021-09-02 16:22:15.672] [exthost] [info] ExtensionService#_doActivateExtension vscode.github {"startup":false,"extensionId":{"value":"vscode.github","_lower":"vscode.github"},"activationEvent":"*"}
[2021-09-02 16:22:15.672] [exthost] [info] ExtensionService#loadCommonJSModule file:///home/choleburbank/.thirdparties/code/VSCode-linux-x64/resources/app/extensions/github/dist/extension.js
[2021-09-02 16:22:15.851] [exthost] [info] ExtensionService#_doActivateExtension vscode.github-authentication {"startup":false,"extensionId":{"value":"vscode.github-authentication","_lower":"vscode.github-authentication"},"activationEvent":"onAuthenticationRequest:github"}
[2021-09-02 16:22:15.851] [exthost] [info] ExtensionService#loadCommonJSModule file:///home/choleburbank/.thirdparties/code/VSCode-linux-x64/resources/app/extensions/github-authentication/dist/extension.js
[2021-09-02 16:22:16.251] [exthost] [info] ExtensionService#_doActivateExtension ritwickdey.LiveServer {"startup":false,"extensionId":{"value":"ritwickdey.LiveServer","_lower":"ritwickdey.liveserver"},"activationEvent":"*"}
[2021-09-02 16:22:16.251] [exthost] [info] ExtensionService#loadCommonJSModule file:///home/choleburbank/.vscode/extensions/ritwickdey.liveserver-5.6.1/out/src/extension
[2021-09-02 16:22:17.617] [exthost] [info] ExtensionService#_doActivateExtension ritwickdey.live-sass {"startup":false,"extensionId":{"value":"ritwickdey.live-sass","_lower":"ritwickdey.live-sass"},"activationEvent":"workspaceContains:**/*.s[ac]ss"}
[2021-09-02 16:22:17.617] [exthost] [info] ExtensionService#loadCommonJSModule file:///home/choleburbank/.vscode/extensions/ritwickdey.live-sass-3.0.0/out/src/extension
[2021-09-02 16:22:18.340] [exthost] [info] eager extensions activated
[2021-09-02 16:22:18.343] [exthost] [info] ExtensionService#_doActivateExtension vscode.emmet {"startup":false,"extensionId":{"value":"vscode.emmet","_lower":"vscode.emmet"},"activationEvent":"onStartupFinished"}
[2021-09-02 16:22:18.343] [exthost] [info] ExtensionService#loadCommonJSModule file:///home/choleburbank/.thirdparties/code/VSCode-linux-x64/resources/app/extensions/emmet/dist/node/emmetNodeMain
[2021-09-02 16:22:18.349] [exthost] [info] ExtensionService#_doActivateExtension vscode.merge-conflict {"startup":false,"extensionId":{"value":"vscode.merge-conflict","_lower":"vscode.merge-conflict"},"activationEvent":"onStartupFinished"}
[2021-09-02 16:22:18.349] [exthost] [info] ExtensionService#loadCommonJSModule file:///home/choleburbank/.thirdparties/code/VSCode-linux-x64/resources/app/extensions/merge-conflict/dist/mergeConflictMain
[2021-09-02 16:22:18.351] [exthost] [info] ExtensionService#_doActivateExtension esbenp.prettier-vscode {"startup":false,"extensionId":{"value":"esbenp.prettier-vscode","_lower":"esbenp.prettier-vscode"},"activationEvent":"onStartupFinished"}
[2021-09-02 16:22:18.351] [exthost] [info] ExtensionService#loadCommonJSModule file:///home/choleburbank/.vscode/extensions/esbenp.prettier-vscode-8.1.0/dist/extension
[2021-09-02 16:23:02.194] [exthost] [info] ExtensionService#_doActivateExtension vscode.configuration-editing {"startup":false,"extensionId":{"value":"vscode.configuration-editing","_lower":"vscode.configuration-editing"},"activationEvent":"onLanguage:jsonc"}
[2021-09-02 16:23:02.195] [exthost] [info] ExtensionService#loadCommonJSModule file:///home/choleburbank/.thirdparties/code/VSCode-linux-x64/resources/app/extensions/configuration-editing/dist/configurationEditingMain
[2021-09-02 16:23:02.198] [exthost] [info] ExtensionService#_doActivateExtension vscode.json-language-features {"startup":false,"extensionId":{"value":"vscode.json-language-features","_lower":"vscode.json-language-features"},"activationEvent":"onLanguage:jsonc"}
[2021-09-02 16:23:02.198] [exthost] [info] ExtensionService#loadCommonJSModule file:///home/choleburbank/.thirdparties/code/VSCode-linux-x64/resources/app/extensions/json-language-features/client/dist/node/jsonClientMain
[2021-09-02 16:23:02.258] [exthost] [info] ExtensionService#_doActivateExtension vscode.typescript-language-features {"startup":false,"extensionId":{"value":"vscode.typescript-language-features","_lower":"vscode.typescript-language-features"},"activationEvent":"onLanguage:jsonc"}
[2021-09-02 16:23:02.258] [exthost] [info] ExtensionService#loadCommonJSModule file:///home/choleburbank/.thirdparties/code/VSCode-linux-x64/resources/app/extensions/typescript-language-features/dist/extension
[2021-09-02 16:23:38.673] [exthost] [info] ExtensionService#_doActivateExtension vscode.css-language-features {"startup":false,"extensionId":{"value":"vscode.css-language-features","_lower":"vscode.css-language-features"},"activationEvent":"onLanguage:scss"}
[2021-09-02 16:23:38.674] [exthost] [info] ExtensionService#loadCommonJSModule file:///home/choleburbank/.thirdparties/code/VSCode-linux-x64/resources/app/extensions/css-language-features/client/dist/node/cssClientMain
[2021-09-02 16:31:07.893] [exthost] [info] extension host terminating: renderer closed the socket
[2021-09-02 16:31:08.407] [exthost] [error] TypeError: Converting circular structure to JSON
    --> starting at object with constructor 't'
    |     property '_readableState' -> object with constructor 'x'
    |     property 'pipes' -> object with constructor 'Array'
    |     index 0 -> object with constructor 't.ConsoleForElectron'
    --- property 'parent' closes the circle
    at JSON.stringify (<anonymous>)
    at /home/choleburbank/.dotfiles/.vscode/extensions/vscodevim.vim-1.21.7/src/register/register.ts:357:16
    at runMicrotasks (<anonymous>)
    at process.async (internal/process/task_queues.js:93:5)
    at Object.e.deactivate (/home/choleburbank/.dotfiles/.vscode/extensions/vscodevim.vim-1.21.7/extension.ts:36:8)
    at async Promise.all (index 17)
    at v.deactivateAll (/home/choleburbank/.thirdparties/code/VSCode-linux-x64/resources/app/out/vs/workbench/services/extensions/node/extensionHostProcess.js:90:10026)
